2025-09-25 23:43:03 [ERROR] ValidatorPlugIn - Skipping validation rules file from '/WEB-INF/validator-rules.xml'.  No url could be located.
javax.servlet.ServletException: Skipping validation rules file from '/WEB-INF/validator-rules.xml'.  No url could be located.
	at org.apache.struts.validator.ValidatorPlugIn.initResources(ValidatorPlugIn.java:231)
	at org.apache.struts.validator.ValidatorPlugIn.init(ValidatorPlugIn.java:164)
	at org.apache.struts.action.ActionServlet.initModulePlugIns(ActionServlet.java:871)
	at org.apache.struts.action.ActionServlet.init(ActionServlet.java:359)
	at javax.servlet.GenericServlet.init(GenericServlet.java:143)
	at org.apache.catalina.core.StandardWrapper.initServlet(StandardWrapper.java:1109)
	at org.apache.catalina.core.StandardWrapper.loadServlet(StandardWrapper.java:1061)
	at org.apache.catalina.core.StandardWrapper.load(StandardWrapper.java:958)
	at org.apache.catalina.core.StandardContext.loadOnStartup(StandardContext.java:4625)
	at org.apache.catalina.core.StandardContext.startInternal(StandardContext.java:4933)
	at org.apache.catalina.util.LifecycleBase.start(LifecycleBase.java:171)
	at org.apache.catalina.core.ContainerBase.addChildInternal(ContainerBase.java:710)
	at org.apache.catalina.core.ContainerBase.addChild(ContainerBase.java:687)
	at org.apache.catalina.core.StandardHost.addChild(StandardHost.java:660)
	at org.apache.catalina.startup.HostConfig.deployDirectory(HostConfig.java:1176)
	at org.apache.catalina.startup.HostConfig$DeployDirectory.run(HostConfig.java:1889)
	at java.util.concurrent.Executors$RunnableAdapter.call(Executors.java:511)
	at java.util.concurrent.FutureTask.run(FutureTask.java:266)
	at java.util.concurrent.ThreadPoolExecutor.runWorker(ThreadPoolExecutor.java:1149)
	at java.util.concurrent.ThreadPoolExecutor$Worker.run(ThreadPoolExecutor.java:624)
	at java.lang.Thread.run(Thread.java:750)
2025-09-25 23:45:39 [ERROR] ValidatorPlugIn - Skipping validation rules file from '/WEB-INF/validator-rules.xml'.  No url could be located.
javax.servlet.ServletException: Skipping validation rules file from '/WEB-INF/validator-rules.xml'.  No url could be located.
	at org.apache.struts.validator.ValidatorPlugIn.initResources(ValidatorPlugIn.java:231)
	at org.apache.struts.validator.ValidatorPlugIn.init(ValidatorPlugIn.java:164)
	at org.apache.struts.action.ActionServlet.initModulePlugIns(ActionServlet.java:871)
	at org.apache.struts.action.ActionServlet.init(ActionServlet.java:359)
	at javax.servlet.GenericServlet.init(GenericServlet.java:143)
	at org.apache.catalina.core.StandardWrapper.initServlet(StandardWrapper.java:1109)
	at org.apache.catalina.core.StandardWrapper.loadServlet(StandardWrapper.java:1061)
	at org.apache.catalina.core.StandardWrapper.load(StandardWrapper.java:958)
	at org.apache.catalina.core.StandardContext.loadOnStartup(StandardContext.java:4625)
	at org.apache.catalina.core.StandardContext.startInternal(StandardContext.java:4933)
	at org.apache.catalina.util.LifecycleBase.start(LifecycleBase.java:171)
	at org.apache.catalina.core.ContainerBase.addChildInternal(ContainerBase.java:710)
	at org.apache.catalina.core.ContainerBase.addChild(ContainerBase.java:687)
	at org.apache.catalina.core.StandardHost.addChild(StandardHost.java:660)
	at org.apache.catalina.startup.HostConfig.deployDirectory(HostConfig.java:1176)
	at org.apache.catalina.startup.HostConfig$DeployDirectory.run(HostConfig.java:1889)
	at java.util.concurrent.Executors$RunnableAdapter.call(Executors.java:511)
	at java.util.concurrent.FutureTask.run(FutureTask.java:266)
	at java.util.concurrent.ThreadPoolExecutor.runWorker(ThreadPoolExecutor.java:1149)
	at java.util.concurrent.ThreadPoolExecutor$Worker.run(ThreadPoolExecutor.java:624)
	at java.lang.Thread.run(Thread.java:750)
2025-09-25 23:47:55 [ERROR] ValidatorPlugIn - Skipping validation rules file from '/WEB-INF/validator-rules.xml'.  No url could be located.
javax.servlet.ServletException: Skipping validation rules file from '/WEB-INF/validator-rules.xml'.  No url could be located.
	at org.apache.struts.validator.ValidatorPlugIn.initResources(ValidatorPlugIn.java:231)
	at org.apache.struts.validator.ValidatorPlugIn.init(ValidatorPlugIn.java:164)
	at org.apache.struts.action.ActionServlet.initModulePlugIns(ActionServlet.java:871)
	at org.apache.struts.action.ActionServlet.init(ActionServlet.java:359)
	at javax.servlet.GenericServlet.init(GenericServlet.java:143)
	at org.apache.catalina.core.StandardWrapper.initServlet(StandardWrapper.java:1109)
	at org.apache.catalina.core.StandardWrapper.loadServlet(StandardWrapper.java:1061)
	at org.apache.catalina.core.StandardWrapper.load(StandardWrapper.java:958)
	at org.apache.catalina.core.StandardContext.loadOnStartup(StandardContext.java:4625)
	at org.apache.catalina.core.StandardContext.startInternal(StandardContext.java:4933)
	at org.apache.catalina.util.LifecycleBase.start(LifecycleBase.java:171)
	at org.apache.catalina.core.ContainerBase.addChildInternal(ContainerBase.java:710)
	at org.apache.catalina.core.ContainerBase.addChild(ContainerBase.java:687)
	at org.apache.catalina.core.StandardHost.addChild(StandardHost.java:660)
	at org.apache.catalina.startup.HostConfig.deployDirectory(HostConfig.java:1176)
	at org.apache.catalina.startup.HostConfig$DeployDirectory.run(HostConfig.java:1889)
	at java.util.concurrent.Executors$RunnableAdapter.call(Executors.java:511)
	at java.util.concurrent.FutureTask.run(FutureTask.java:266)
	at java.util.concurrent.ThreadPoolExecutor.runWorker(ThreadPoolExecutor.java:1149)
	at java.util.concurrent.ThreadPoolExecutor$Worker.run(ThreadPoolExecutor.java:624)
	at java.lang.Thread.run(Thread.java:750)
2025-09-25 23:50:34 [ERROR] ValidatorPlugIn - Skipping validation rules file from '/WEB-INF/validator-rules.xml'.  No url could be located.
javax.servlet.ServletException: Skipping validation rules file from '/WEB-INF/validator-rules.xml'.  No url could be located.
	at org.apache.struts.validator.ValidatorPlugIn.initResources(ValidatorPlugIn.java:231)
	at org.apache.struts.validator.ValidatorPlugIn.init(ValidatorPlugIn.java:164)
	at org.apache.struts.action.ActionServlet.initModulePlugIns(ActionServlet.java:871)
	at org.apache.struts.action.ActionServlet.init(ActionServlet.java:359)
	at javax.servlet.GenericServlet.init(GenericServlet.java:143)
	at org.apache.catalina.core.StandardWrapper.initServlet(StandardWrapper.java:1109)
	at org.apache.catalina.core.StandardWrapper.loadServlet(StandardWrapper.java:1061)
	at org.apache.catalina.core.StandardWrapper.load(StandardWrapper.java:958)
	at org.apache.catalina.core.StandardContext.loadOnStartup(StandardContext.java:4625)
	at org.apache.catalina.core.StandardContext.startInternal(StandardContext.java:4933)
	at org.apache.catalina.util.LifecycleBase.start(LifecycleBase.java:171)
	at org.apache.catalina.core.ContainerBase.addChildInternal(ContainerBase.java:710)
	at org.apache.catalina.core.ContainerBase.addChild(ContainerBase.java:687)
	at org.apache.catalina.core.StandardHost.addChild(StandardHost.java:660)
	at org.apache.catalina.startup.HostConfig.deployDirectory(HostConfig.java:1176)
	at org.apache.catalina.startup.HostConfig$DeployDirectory.run(HostConfig.java:1889)
	at java.util.concurrent.Executors$RunnableAdapter.call(Executors.java:511)
	at java.util.concurrent.FutureTask.run(FutureTask.java:266)
	at java.util.concurrent.ThreadPoolExecutor.runWorker(ThreadPoolExecutor.java:1149)
	at java.util.concurrent.ThreadPoolExecutor$Worker.run(ThreadPoolExecutor.java:624)
	at java.lang.Thread.run(Thread.java:750)
2025-09-25 23:53:06 [ERROR] ValidatorPlugIn - Skipping validation rules file from '/WEB-INF/validator-rules.xml'.  No url could be located.
javax.servlet.ServletException: Skipping validation rules file from '/WEB-INF/validator-rules.xml'.  No url could be located.
	at org.apache.struts.validator.ValidatorPlugIn.initResources(ValidatorPlugIn.java:231)
	at org.apache.struts.validator.ValidatorPlugIn.init(ValidatorPlugIn.java:164)
	at org.apache.struts.action.ActionServlet.initModulePlugIns(ActionServlet.java:871)
	at org.apache.struts.action.ActionServlet.init(ActionServlet.java:359)
	at javax.servlet.GenericServlet.init(GenericServlet.java:143)
	at org.apache.catalina.core.StandardWrapper.initServlet(StandardWrapper.java:1109)
	at org.apache.catalina.core.StandardWrapper.loadServlet(StandardWrapper.java:1061)
	at org.apache.catalina.core.StandardWrapper.load(StandardWrapper.java:958)
	at org.apache.catalina.core.StandardContext.loadOnStartup(StandardContext.java:4625)
	at org.apache.catalina.core.StandardContext.startInternal(StandardContext.java:4933)
	at org.apache.catalina.util.LifecycleBase.start(LifecycleBase.java:171)
	at org.apache.catalina.core.ContainerBase.addChildInternal(ContainerBase.java:710)
	at org.apache.catalina.core.ContainerBase.addChild(ContainerBase.java:687)
	at org.apache.catalina.core.StandardHost.addChild(StandardHost.java:660)
	at org.apache.catalina.startup.HostConfig.deployDirectory(HostConfig.java:1176)
	at org.apache.catalina.startup.HostConfig$DeployDirectory.run(HostConfig.java:1889)
	at java.util.concurrent.Executors$RunnableAdapter.call(Executors.java:511)
	at java.util.concurrent.FutureTask.run(FutureTask.java:266)
	at java.util.concurrent.ThreadPoolExecutor.runWorker(ThreadPoolExecutor.java:1149)
	at java.util.concurrent.ThreadPoolExecutor$Worker.run(ThreadPoolExecutor.java:624)
	at java.lang.Thread.run(Thread.java:750)
2025-09-28 13:40:34 [ERROR] ValidatorPlugIn - Skipping validation rules file from '/WEB-INF/validator-rules.xml'.  No url could be located.
javax.servlet.ServletException: Skipping validation rules file from '/WEB-INF/validator-rules.xml'.  No url could be located.
	at org.apache.struts.validator.ValidatorPlugIn.initResources(ValidatorPlugIn.java:231)
	at org.apache.struts.validator.ValidatorPlugIn.init(ValidatorPlugIn.java:164)
	at org.apache.struts.action.ActionServlet.initModulePlugIns(ActionServlet.java:871)
	at org.apache.struts.action.ActionServlet.init(ActionServlet.java:359)
	at javax.servlet.GenericServlet.init(GenericServlet.java:143)
	at org.apache.catalina.core.StandardWrapper.initServlet(StandardWrapper.java:1109)
	at org.apache.catalina.core.StandardWrapper.loadServlet(StandardWrapper.java:1061)
	at org.apache.catalina.core.StandardWrapper.load(StandardWrapper.java:958)
	at org.apache.catalina.core.StandardContext.loadOnStartup(StandardContext.java:4625)
	at org.apache.catalina.core.StandardContext.startInternal(StandardContext.java:4933)
	at org.apache.catalina.util.LifecycleBase.start(LifecycleBase.java:171)
	at org.apache.catalina.core.ContainerBase.addChildInternal(ContainerBase.java:710)
	at org.apache.catalina.core.ContainerBase.addChild(ContainerBase.java:687)
	at org.apache.catalina.core.StandardHost.addChild(StandardHost.java:660)
	at org.apache.catalina.startup.HostConfig.deployDirectory(HostConfig.java:1176)
	at org.apache.catalina.startup.HostConfig$DeployDirectory.run(HostConfig.java:1889)
	at java.util.concurrent.Executors$RunnableAdapter.call(Executors.java:511)
	at java.util.concurrent.FutureTask.run(FutureTask.java:266)
	at java.util.concurrent.ThreadPoolExecutor.runWorker(ThreadPoolExecutor.java:1149)
	at java.util.concurrent.ThreadPoolExecutor$Worker.run(ThreadPoolExecutor.java:624)
	at java.lang.Thread.run(Thread.java:750)
2025-09-28 13:43:25 [ERROR] ValidatorPlugIn - Skipping validation rules file from '/WEB-INF/validator-rules.xml'.  No url could be located.
javax.servlet.ServletException: Skipping validation rules file from '/WEB-INF/validator-rules.xml'.  No url could be located.
	at org.apache.struts.validator.ValidatorPlugIn.initResources(ValidatorPlugIn.java:231)
	at org.apache.struts.validator.ValidatorPlugIn.init(ValidatorPlugIn.java:164)
	at org.apache.struts.action.ActionServlet.initModulePlugIns(ActionServlet.java:871)
	at org.apache.struts.action.ActionServlet.init(ActionServlet.java:359)
	at javax.servlet.GenericServlet.init(GenericServlet.java:143)
	at org.apache.catalina.core.StandardWrapper.initServlet(StandardWrapper.java:1109)
	at org.apache.catalina.core.StandardWrapper.loadServlet(StandardWrapper.java:1061)
	at org.apache.catalina.core.StandardWrapper.load(StandardWrapper.java:958)
	at org.apache.catalina.core.StandardContext.loadOnStartup(StandardContext.java:4625)
	at org.apache.catalina.core.StandardContext.startInternal(StandardContext.java:4933)
	at org.apache.catalina.util.LifecycleBase.start(LifecycleBase.java:171)
	at org.apache.catalina.core.ContainerBase.addChildInternal(ContainerBase.java:710)
	at org.apache.catalina.core.ContainerBase.addChild(ContainerBase.java:687)
	at org.apache.catalina.core.StandardHost.addChild(StandardHost.java:660)
	at org.apache.catalina.startup.HostConfig.deployDirectory(HostConfig.java:1176)
	at org.apache.catalina.startup.HostConfig$DeployDirectory.run(HostConfig.java:1889)
	at java.util.concurrent.Executors$RunnableAdapter.call(Executors.java:511)
	at java.util.concurrent.FutureTask.run(FutureTask.java:266)
	at java.util.concurrent.ThreadPoolExecutor.runWorker(ThreadPoolExecutor.java:1149)
	at java.util.concurrent.ThreadPoolExecutor$Worker.run(ThreadPoolExecutor.java:624)
	at java.lang.Thread.run(Thread.java:750)
2025-09-28 13:58:26 [ERROR] ValidatorPlugIn - Skipping validation rules file from '/WEB-INF/validator-rules.xml'.  No url could be located.
javax.servlet.ServletException: Skipping validation rules file from '/WEB-INF/validator-rules.xml'.  No url could be located.
	at org.apache.struts.validator.ValidatorPlugIn.initResources(ValidatorPlugIn.java:231)
	at org.apache.struts.validator.ValidatorPlugIn.init(ValidatorPlugIn.java:164)
	at org.apache.struts.action.ActionServlet.initModulePlugIns(ActionServlet.java:871)
	at org.apache.struts.action.ActionServlet.init(ActionServlet.java:359)
	at javax.servlet.GenericServlet.init(GenericServlet.java:143)
	at org.apache.catalina.core.StandardWrapper.initServlet(StandardWrapper.java:1109)
	at org.apache.catalina.core.StandardWrapper.loadServlet(StandardWrapper.java:1061)
	at org.apache.catalina.core.StandardWrapper.load(StandardWrapper.java:958)
	at org.apache.catalina.core.StandardContext.loadOnStartup(StandardContext.java:4625)
	at org.apache.catalina.core.StandardContext.startInternal(StandardContext.java:4933)
	at org.apache.catalina.util.LifecycleBase.start(LifecycleBase.java:171)
	at org.apache.catalina.core.ContainerBase.addChildInternal(ContainerBase.java:710)
	at org.apache.catalina.core.ContainerBase.addChild(ContainerBase.java:687)
	at org.apache.catalina.core.StandardHost.addChild(StandardHost.java:660)
	at org.apache.catalina.startup.HostConfig.deployDirectory(HostConfig.java:1176)
	at org.apache.catalina.startup.HostConfig$DeployDirectory.run(HostConfig.java:1889)
	at java.util.concurrent.Executors$RunnableAdapter.call(Executors.java:511)
	at java.util.concurrent.FutureTask.run(FutureTask.java:266)
	at java.util.concurrent.ThreadPoolExecutor.runWorker(ThreadPoolExecutor.java:1149)
	at java.util.concurrent.ThreadPoolExecutor$Worker.run(ThreadPoolExecutor.java:624)
	at java.lang.Thread.run(Thread.java:750)
2025-09-28 13:59:24 [ERROR] ValidatorPlugIn - Skipping validation rules file from '/WEB-INF/validator-rules.xml'.  No url could be located.
javax.servlet.ServletException: Skipping validation rules file from '/WEB-INF/validator-rules.xml'.  No url could be located.
	at org.apache.struts.validator.ValidatorPlugIn.initResources(ValidatorPlugIn.java:231)
	at org.apache.struts.validator.ValidatorPlugIn.init(ValidatorPlugIn.java:164)
	at org.apache.struts.action.ActionServlet.initModulePlugIns(ActionServlet.java:871)
	at org.apache.struts.action.ActionServlet.init(ActionServlet.java:359)
	at javax.servlet.GenericServlet.init(GenericServlet.java:143)
	at org.apache.catalina.core.StandardWrapper.initServlet(StandardWrapper.java:1109)
	at org.apache.catalina.core.StandardWrapper.loadServlet(StandardWrapper.java:1061)
	at org.apache.catalina.core.StandardWrapper.load(StandardWrapper.java:958)
	at org.apache.catalina.core.StandardContext.loadOnStartup(StandardContext.java:4625)
	at org.apache.catalina.core.StandardContext.startInternal(StandardContext.java:4933)
	at org.apache.catalina.util.LifecycleBase.start(LifecycleBase.java:171)
	at org.apache.catalina.core.ContainerBase.addChildInternal(ContainerBase.java:710)
	at org.apache.catalina.core.ContainerBase.addChild(ContainerBase.java:687)
	at org.apache.catalina.core.StandardHost.addChild(StandardHost.java:660)
	at org.apache.catalina.startup.HostConfig.deployDirectory(HostConfig.java:1176)
	at org.apache.catalina.startup.HostConfig$DeployDirectory.run(HostConfig.java:1889)
	at java.util.concurrent.Executors$RunnableAdapter.call(Executors.java:511)
	at java.util.concurrent.FutureTask.run(FutureTask.java:266)
	at java.util.concurrent.ThreadPoolExecutor.runWorker(ThreadPoolExecutor.java:1149)
	at java.util.concurrent.ThreadPoolExecutor$Worker.run(ThreadPoolExecutor.java:624)
	at java.lang.Thread.run(Thread.java:750)
